<?xml version="1.0" encoding="UTF-8"?>
<!-- Generated by org.testng.reporters.JUnitXMLReporter -->
<testsuite ignored="6" hostname="DESKTOP-6FJI8KJ" failures="0" tests="12" name="Test" time="0.196" errors="0" timestamp="2023-03-31T19:46:08 IST">
  <testcase classname="testNGFlage.GroupExecution" name="ft1" time="0.018"/>
  <testcase classname="testNGFlage.GroupExecution" name="ft2" time="0.002"/>
  <testcase classname="testNGFlage.GroupExecution" name="ft3" time="0.003"/>
  <testcase classname="testNGFlage.GroupExecution" name="ft4" time="0.002"/>
  <testcase classname="testNGFlage.GroupExecution" name="ft5" time="0.002"/>
  <testcase classname="testNGFlage.GroupExecution" name="ft6" time="0.003"/>
  <testcase classname="testNGFlage.GroupExecution" name="st1" time="0.007"/>
  <testcase classname="testNGFlage.GroupExecution" name="st2" time="0.004"/>
  <testcase classname="testNGFlage.GroupExecution" name="st3" time="0.003"/>
  <testcase classname="testNGFlage.GroupExecution" name="st4" time="0.002"/>
  <testcase classname="testNGFlage.GroupExecution" name="st5" time="0.003"/>
  <testcase classname="testNGFlage.GroupExecution" name="st6" time="0.002"/>
  <testcase classname="testNGFlage.GroupExecution" name="it4" time="0.0">
    <ignored/>
  </testcase> <!-- it4 -->
  <testcase classname="testNGFlage.GroupExecution" name="it1" time="0.0">
    <ignored/>
  </testcase> <!-- it1 -->
  <testcase classname="testNGFlage.GroupExecution" name="it2" time="0.0">
    <ignored/>
  </testcase> <!-- it2 -->
  <testcase classname="testNGFlage.GroupExecution" name="it5" time="0.0">
    <ignored/>
  </testcase> <!-- it5 -->
  <testcase classname="testNGFlage.GroupExecution" name="it6" time="0.0">
    <ignored/>
  </testcase> <!-- it6 -->
  <testcase classname="testNGFlage.GroupExecution" name="it3" time="0.0">
    <ignored/>
  </testcase> <!-- it3 -->
</testsuite> <!-- Test -->
